# JRE version: Java(TM) SE Runtime Environment (8.0_181-b13) (build 1.8.0_181-b13)
# Java VM: Java HotSpot(TM) 64-Bit Server VM (25.181-b13 mixed mode linux-amd64 compressed oops)
Heap:
 PSYoungGen      total 500736K, used 0K [0x00000000d8000000, 0x00000000fc400000, 0x0000000100000000)
  eden space 468992K, 0% used [0x00000000d8000000,0x00000000d8000000,0x00000000f4a00000)
  from space 31744K, 0% used [0x00000000f4a00000,0x00000000f4a00000,0x00000000f6900000)
  to   space 45568K, 0% used [0x00000000f9780000,0x00000000f9780000,0x00000000fc400000)
 ParOldGen       total 92160K, used 92038K [0x0000000088000000, 0x000000008da00000, 0x00000000d8000000)
  object space 92160K, 99% used [0x0000000088000000,0x000000008d9e1b90,0x000000008da00000)
 Metaspace       used 33808K, capacity 35362K, committed 35456K, reserved 1081344K
  class space    used 4024K, capacity 4437K, committed 4480K, reserved 1048576K
GC Heap History (10 events):
Event: 4.571 GC heap after
Heap after GC invocations=6 (full 0):
 PSYoungGen      total 265728K, used 14324K [0x00000000d8000000, 0x00000000e9900000, 0x0000000100000000)
  eden space 245248K, 0% used [0x00000000d8000000,0x00000000d8000000,0x00000000e6f80000)
  from space 20480K, 69% used [0x00000000e8400000,0x00000000e91fd070,0x00000000e9800000)
  to   space 20992K, 0% used [0x00000000e6f80000,0x00000000e6f80000,0x00000000e8400000)
 ParOldGen       total 81920K, used 29182K [0x0000000088000000, 0x000000008d000000, 0x00000000d8000000)
  object space 81920K, 35% used [0x0000000088000000,0x0000000089c7fa78,0x000000008d000000)
 Metaspace       used 18807K, capacity 19382K, committed 19584K, reserved 1067008K
  class space    used 2180K, capacity 2358K, committed 2432K, reserved 1048576K
}
Event: 4.839 GC heap before
{Heap before GC invocations=7 (full 0):
 PSYoungGen      total 265728K, used 29300K [0x00000000d8000000, 0x00000000e9900000, 0x0000000100000000)
  eden space 245248K, 6% used [0x00000000d8000000,0x00000000d8ea0358,0x00000000e6f80000)
  from space 20480K, 69% used [0x00000000e8400000,0x00000000e91fd070,0x00000000e9800000)
  to   space 20992K, 0% used [0x00000000e6f80000,0x00000000e6f80000,0x00000000e8400000)
 ParOldGen       total 81920K, used 29182K [0x0000000088000000, 0x000000008d000000, 0x00000000d8000000)
  object space 81920K, 35% used [0x0000000088000000,0x0000000089c7fa78,0x000000008d000000)
 Metaspace       used 20436K, capacity 21110K, committed 21296K, reserved 1069056K
  class space    used 2383K, capacity 2570K, committed 2688K, reserved 1048576K
Event: 4.880 GC heap after
Heap after GC invocations=7 (full 0):
 PSYoungGen      total 266240K, used 13863K [0x00000000d8000000, 0x00000000f8800000, 0x0000000100000000)
  eden space 245248K, 0% used [0x00000000d8000000,0x00000000d8000000,0x00000000e6f80000)
  from space 20992K, 66% used [0x00000000e6f80000,0x00000000e7d09da8,0x00000000e8400000)
  to   space 20992K, 0% used [0x00000000f7380000,0x00000000f7380000,0x00000000f8800000)
 ParOldGen       total 81920K, used 30238K [0x0000000088000000, 0x000000008d000000, 0x00000000d8000000)
  object space 81920K, 36% used [0x0000000088000000,0x0000000089d87ac8,0x000000008d000000)
 Metaspace       used 20436K, capacity 21110K, committed 21296K, reserved 1069056K
  class space    used 2383K, capacity 2570K, committed 2688K, reserved 1048576K
}
Event: 4.880 GC heap before
{Heap before GC invocations=8 (full 1):
 PSYoungGen      total 266240K, used 13863K [0x00000000d8000000, 0x00000000f8800000, 0x0000000100000000)
  eden space 245248K, 0% used [0x00000000d8000000,0x00000000d8000000,0x00000000e6f80000)
  from space 20992K, 66% used [0x00000000e6f80000,0x00000000e7d09da8,0x00000000e8400000)
  to   space 20992K, 0% used [0x00000000f7380000,0x00000000f7380000,0x00000000f8800000)
 ParOldGen       total 81920K, used 30238K [0x0000000088000000, 0x000000008d000000, 0x00000000d8000000)
  object space 81920K, 36% used [0x0000000088000000,0x0000000089d87ac8,0x000000008d000000)
 Metaspace       used 20436K, capacity 21110K, committed 21296K, reserved 1069056K
  class space    used 2383K, capacity 2570K, committed 2688K, reserved 1048576K
Event: 5.062 GC heap after
Heap after GC invocations=8 (full 1):
 PSYoungGen      total 266240K, used 0K [0x00000000d8000000, 0x00000000f8800000, 0x0000000100000000)
  eden space 245248K, 0% used [0x00000000d8000000,0x00000000d8000000,0x00000000e6f80000)
  from space 20992K, 0% used [0x00000000e6f80000,0x00000000e6f80000,0x00000000e8400000)
  to   space 20992K, 0% used [0x00000000f7380000,0x00000000f7380000,0x00000000f8800000)
 ParOldGen       total 92160K, used 34415K [0x0000000088000000, 0x000000008da00000, 0x00000000d8000000)
  object space 92160K, 37% used [0x0000000088000000,0x000000008a19bf40,0x000000008da00000)
 Metaspace       used 20436K, capacity 21110K, committed 21296K, reserved 1069056K
  class space    used 2383K, capacity 2570K, committed 2688K, reserved 1048576K
}
Event: 8.398 GC heap before
{Heap before GC invocations=9 (full 1):
 PSYoungGen      total 266240K, used 244943K [0x00000000d8000000, 0x00000000f8800000, 0x0000000100000000)
  eden space 245248K, 99% used [0x00000000d8000000,0x00000000e6f33dc0,0x00000000e6f80000)
  from space 20992K, 0% used [0x00000000e6f80000,0x00000000e6f80000,0x00000000e8400000)
  to   space 20992K, 0% used [0x00000000f7380000,0x00000000f7380000,0x00000000f8800000)
 ParOldGen       total 92160K, used 34415K [0x0000000088000000, 0x000000008da00000, 0x00000000d8000000)
  object space 92160K, 37% used [0x0000000088000000,0x000000008a19bf40,0x000000008da00000)
 Metaspace       used 28758K, capacity 29830K, committed 30208K, reserved 1075200K
  class space    used 3447K, capacity 3718K, committed 3840K, reserved 1048576K
Event: 8.566 GC heap after
Heap after GC invocations=9 (full 1):
 PSYoungGen      total 404480K, used 20983K [0x00000000d8000000, 0x00000000f8800000, 0x0000000100000000)
  eden space 383488K, 0% used [0x00000000d8000000,0x00000000d8000000,0x00000000ef680000)
  from space 20992K, 99% used [0x00000000f7380000,0x00000000f87fdf50,0x00000000f8800000)
  to   space 31744K, 0% used [0x00000000f4a00000,0x00000000f4a00000,0x00000000f6900000)
 ParOldGen       total 92160K, used 52365K [0x0000000088000000, 0x000000008da00000, 0x00000000d8000000)
  object space 92160K, 56% used [0x0000000088000000,0x000000008b323578,0x000000008da00000)
 Metaspace       used 28758K, capacity 29830K, committed 30208K, reserved 1075200K
  class space    used 3447K, capacity 3718K, committed 3840K, reserved 1048576K
}
Event: 16.841 GC heap before
{Heap before GC invocations=10 (full 1):
 PSYoungGen      total 404480K, used 345162K [0x00000000d8000000, 0x00000000f8800000, 0x0000000100000000)
  eden space 383488K, 84% used [0x00000000d8000000,0x00000000ebc94c68,0x00000000ef680000)
  from space 20992K, 99% used [0x00000000f7380000,0x00000000f87fdf50,0x00000000f8800000)
  to   space 31744K, 0% used [0x00000000f4a00000,0x00000000f4a00000,0x00000000f6900000)
 ParOldGen       total 92160K, used 52365K [0x0000000088000000, 0x000000008da00000, 0x00000000d8000000)
  object space 92160K, 56% used [0x0000000088000000,0x000000008b323578,0x000000008da00000)
 Metaspace       used 33808K, capacity 35362K, committed 35456K, reserved 1081344K
  class space    used 4024K, capacity 4437K, committed 4480K, reserved 1048576K
Event: 17.021 GC heap after
Heap after GC invocations=10 (full 1):
 PSYoungGen      total 500736K, used 31741K [0x00000000d8000000, 0x00000000fc400000, 0x0000000100000000)
  eden space 468992K, 0% used [0x00000000d8000000,0x00000000d8000000,0x00000000f4a00000)
  from space 31744K, 99% used [0x00000000f4a00000,0x00000000f68ff600,0x00000000f6900000)
  to   space 45568K, 0% used [0x00000000f9780000,0x00000000f9780000,0x00000000fc400000)
 ParOldGen       total 92160K, used 74749K [0x0000000088000000, 0x000000008da00000, 0x00000000d8000000)
  object space 92160K, 81% used [0x0000000088000000,0x000000008c8ff6c0,0x000000008da00000)
 Metaspace       used 33808K, capacity 35362K, committed 35456K, reserved 1081344K
  class space    used 4024K, capacity 4437K, committed 4480K, reserved 1048576K
}
Event: 17.021 GC heap before
{Heap before GC invocations=11 (full 2):
 PSYoungGen      total 500736K, used 31741K [0x00000000d8000000, 0x00000000fc400000, 0x0000000100000000)
  eden space 468992K, 0% used [0x00000000d8000000,0x00000000d8000000,0x00000000f4a00000)
  from space 31744K, 99% used [0x00000000f4a00000,0x00000000f68ff600,0x00000000f6900000)
  to   space 45568K, 0% used [0x00000000f9780000,0x00000000f9780000,0x00000000fc400000)
 ParOldGen       total 92160K, used 74749K [0x0000000088000000, 0x000000008da00000, 0x00000000d8000000)
  object space 92160K, 81% used [0x0000000088000000,0x000000008c8ff6c0,0x000000008da00000)
 Metaspace       used 33808K, capacity 35362K, committed 35456K, reserved 1081344K
  class space    used 4024K, capacity 4437K, committed 4480K, reserved 1048576K

